<?xml version="1.0" encoding="UTF-8"?>
<testng-results skipped="0" failed="0" total="1" passed="1">
  <reporter-output>
  </reporter-output>
  <suite name="aut.sample.Demo_999.AppTest" duration-ms="7448" started-at="2018-03-22T05:50:54Z" finished-at="2018-03-22T05:51:01Z">
    <groups>
    </groups>
    <test name="Command line test" duration-ms="7448" started-at="2018-03-22T05:50:54Z" finished-at="2018-03-22T05:51:01Z">
      <class name="aut.sample.Demo_999.AppTest">
        <test-method status="PASS" signature="test()[pri:0, instance:aut.sample.Demo_999.AppTest@17f6480]" name="test" duration-ms="7433" started-at="2018-03-22T11:20:54Z" finished-at="2018-03-22T11:21:01Z">
          <reporter-output>
          </reporter-output>
        </test-method> <!-- test -->
      </class> <!-- aut.sample.Demo_999.AppTest -->
    </test> <!-- Command line test -->
  </suite> <!-- aut.sample.Demo_999.AppTest -->
</testng-results>
