<?xml version="1.0" encoding="UTF-8"?>
<testng-results skipped="0" failed="0" total="1" passed="1">
  <reporter-output>
  </reporter-output>
  <suite name="Default suite" duration-ms="6227" started-at="2018-03-22T05:36:33Z" finished-at="2018-03-22T05:36:39Z">
    <groups>
    </groups>
    <test name="Default test" duration-ms="6227" started-at="2018-03-22T05:36:33Z" finished-at="2018-03-22T05:36:39Z">
      <class name="aut.sample.Demo_999.AppTest">
        <test-method status="PASS" signature="test()[pri:0, instance:aut.sample.Demo_999.AppTest@215be6bb]" name="test" duration-ms="6207" started-at="2018-03-22T11:06:33Z" finished-at="2018-03-22T11:06:39Z">
          <reporter-output>
          </reporter-output>
        </test-method> <!-- test -->
      </class> <!-- aut.sample.Demo_999.AppTest -->
    </test> <!-- Default test -->
  </suite> <!-- Default suite -->
</testng-results>
